<?xml version="1.0" encoding="UTF-8"?>
<testng-results total="1" passed="1" failed="0" skipped="0">
  <reporter-output>
  </reporter-output>
  <suite started-at="2020-11-26T11:54:43Z" name="InetBanking" finished-at="2020-11-26T11:54:57Z" duration-ms="14809">
    <groups>
    </groups>
    <test started-at="2020-11-26T11:54:43Z" name="BankingAppTest" finished-at="2020-11-26T11:54:57Z" duration-ms="14809">
      <class name="com.InetBanking.testCases.TC_LoginTest_001">
        <test-method is-config="true" signature="SetUp(java.lang.String)[pri:0, instance:com.InetBanking.testCases.TC_LoginTest_001@5ab956d7]" started-at="2020-11-26T17:24:43Z" name="SetUp" finished-at="2020-11-26T17:24:54Z" duration-ms="11059" status="PASS">
          <params>
            <param index="0">
              <value>
                <![CDATA[FireFox]]>
              </value>
            </param>
          </params>
          <reporter-output>
          </reporter-output>
        </test-method> <!-- SetUp -->
        <test-method signature="LoginTest()[pri:0, instance:com.InetBanking.testCases.TC_LoginTest_001@5ab956d7]" started-at="2020-11-26T17:24:54Z" name="LoginTest" finished-at="2020-11-26T17:24:57Z" duration-ms="2806" status="PASS">
          <reporter-output>
          </reporter-output>
        </test-method> <!-- LoginTest -->
        <test-method is-config="true" signature="tearDoen()[pri:0, instance:com.InetBanking.testCases.TC_LoginTest_001@5ab956d7]" started-at="2020-11-26T17:24:57Z" name="tearDoen" finished-at="2020-11-26T17:24:57Z" duration-ms="784" status="PASS">
          <reporter-output>
          </reporter-output>
        </test-method> <!-- tearDoen -->
      </class> <!-- com.InetBanking.testCases.TC_LoginTest_001 -->
    </test> <!-- BankingAppTest -->
  </suite> <!-- InetBanking -->
</testng-results>
